player/app/build/intermediates/manifest_merge_blame_file/debug/processDebugMainManifest/manifest-merger-blame-debug-report.txt
1<?xml version="1.0" encoding="utf-8"?>
2<manifest xmlns:android="http://schemas.android.com/apk/res/android"
3    package="institute.castalia.atlas.player"
4    android:versionCode="1"
5    android:versionName="0.1.0" >
6
7    <uses-sdk
8        android:minSdkVersion="30"
9        android:targetSdkVersion="34" />
10
11    <uses-permission android:name="android.permission.RECEIVE_BOOT_COMPLETED" />
11-->src/main/AndroidManifest.xml:4:5-81
11-->src/main/AndroidManifest.xml:4:22-78
12    <uses-permission android:name="android.permission.WAKE_LOCK" />
12-->src/main/AndroidManifest.xml:5:5-68
12-->src/main/AndroidManifest.xml:5:22-65
13    <uses-permission android:name="android.permission.INTERNET" />
13-->src/main/AndroidManifest.xml:6:5-67
13-->src/main/AndroidManifest.xml:6:22-64
14    <uses-permission android:name="android.permission.RECORD_AUDIO" />
14-->src/main/AndroidManifest.xml:7:5-71
14-->src/main/AndroidManifest.xml:7:22-68
15    <uses-permission android:name="android.permission.CHANGE_WIFI_MULTICAST_STATE" />
15-->src/main/AndroidManifest.xml:8:5-86
15-->src/main/AndroidManifest.xml:8:22-83
16    <uses-permission android:name="android.permission.ACCESS_NETWORK_STATE" />
16-->[androidx.media3:media3-common:1.4.1] AndroidManifest.xml:22:5-79
16-->[androidx.media3:media3-common:1.4.1] AndroidManifest.xml:22:22-76
17
18    <permission
18-->[androidx.core:core:1.13.1] AndroidManifest.xml:22:5-24:47
19        android:name="institute.castalia.atlas.player.DYNAMIC_RECEIVER_NOT_EXPORTED_PERMISSION"
19-->[androidx.core:core:1.13.1] AndroidManifest.xml:23:9-81
20        android:protectionLevel="signature" />
20-->[androidx.core:core:1.13.1] AndroidManifest.xml:24:9-44
21
22    <uses-permission android:name="institute.castalia.atlas.player.DYNAMIC_RECEIVER_NOT_EXPORTED_PERMISSION" />
22-->[androidx.core:core:1.13.1] AndroidManifest.xml:26:5-97
22-->[androidx.core:core:1.13.1] AndroidManifest.xml:26:22-94
23
24    <application
24-->src/main/AndroidManifest.xml:10:5-36:19
25        android:allowBackup="false"
25-->src/main/AndroidManifest.xml:13:9-36
26        android:appComponentFactory="androidx.core.app.CoreComponentFactory"
26-->[androidx.core:core:1.13.1] AndroidManifest.xml:28:18-86
27        android:debuggable="true"
28        android:extractNativeLibs="false"
29        android:label="@string/app_name"
29-->src/main/AndroidManifest.xml:11:9-41
30        android:theme="@style/Theme.Atlas" >
30-->src/main/AndroidManifest.xml:12:9-43
31        <activity
31-->src/main/AndroidManifest.xml:15:9-28:20
32            android:name="institute.castalia.atlas.player.MainActivity"
32-->src/main/AndroidManifest.xml:16:13-41
33            android:configChanges="orientation|screenSize|keyboardHidden"
33-->src/main/AndroidManifest.xml:21:13-74
34            android:exported="true"
34-->src/main/AndroidManifest.xml:17:13-36
35            android:launchMode="singleTask"
35-->src/main/AndroidManifest.xml:18:13-44
36            android:showWhenLocked="true"
36-->src/main/AndroidManifest.xml:19:13-42
37            android:turnScreenOn="true" >
37-->src/main/AndroidManifest.xml:20:13-40
38            <intent-filter>
38-->src/main/AndroidManifest.xml:22:13-27:29
39                <action android:name="android.intent.action.MAIN" />
39-->src/main/AndroidManifest.xml:23:17-69
39-->src/main/AndroidManifest.xml:23:25-66
40
41                <category android:name="android.intent.category.HOME" />
41-->src/main/AndroidManifest.xml:24:17-73
41-->src/main/AndroidManifest.xml:24:27-70
42                <category android:name="android.intent.category.DEFAULT" />
42-->src/main/AndroidManifest.xml:25:17-76
42-->src/main/AndroidManifest.xml:25:27-73
43                <category android:name="android.intent.category.LAUNCHER" />
43-->src/main/AndroidManifest.xml:26:17-77
43-->src/main/AndroidManifest.xml:26:27-74
44            </intent-filter>
45        </activity>
46
47        <receiver
47-->src/main/AndroidManifest.xml:30:9-34:20
48            android:name="institute.castalia.atlas.player.BootReceiver"
48-->src/main/AndroidManifest.xml:30:19-47
49            android:exported="true" >
49-->src/main/AndroidManifest.xml:30:48-71
50            <intent-filter>
50-->src/main/AndroidManifest.xml:31:13-33:29
51                <action android:name="android.intent.action.BOOT_COMPLETED" />
51-->src/main/AndroidManifest.xml:32:17-79
51-->src/main/AndroidManifest.xml:32:25-76
52            </intent-filter>
53        </receiver>
54
55        <service
55-->[androidx.room:room-runtime:2.6.1] AndroidManifest.xml:24:9-28:63
56            android:name="androidx.room.MultiInstanceInvalidationService"
56-->[androidx.room:room-runtime:2.6.1] AndroidManifest.xml:25:13-74
57            android:directBootAware="true"
57-->[androidx.room:room-runtime:2.6.1] AndroidManifest.xml:26:13-43
58            android:exported="false" />
58-->[androidx.room:room-runtime:2.6.1] AndroidManifest.xml:27:13-37
59
60        <provider
60-->[androidx.profileinstaller:profileinstaller:1.3.1] AndroidManifest.xml:24:9-32:20
61            android:name="androidx.startup.InitializationProvider"
61-->[androidx.profileinstaller:profileinstaller:1.3.1] AndroidManifest.xml:25:13-67
62            android:authorities="institute.castalia.atlas.player.androidx-startup"
62-->[androidx.profileinstaller:profileinstaller:1.3.1] AndroidManifest.xml:26:13-68
63            android:exported="false" >
63-->[androidx.profileinstaller:profileinstaller:1.3.1] AndroidManifest.xml:27:13-37
64            <meta-data
64-->[androidx.profileinstaller:profileinstaller:1.3.1] AndroidManifest.xml:29:13-31:52
65                android:name="androidx.profileinstaller.ProfileInstallerInitializer"
65-->[androidx.profileinstaller:profileinstaller:1.3.1] AndroidManifest.xml:30:17-85
66                android:value="androidx.startup" />
66-->[androidx.profileinstaller:profileinstaller:1.3.1] AndroidManifest.xml:31:17-49
67        </provider>
68
69        <receiver
69-->[androidx.profileinstaller:profileinstaller:1.3.1] AndroidManifest.xml:34:9-52:20
70            android:name="androidx.profileinstaller.ProfileInstallReceiver"
70-->[androidx.profileinstaller:profileinstaller:1.3.1] AndroidManifest.xml:35:13-76
71            android:directBootAware="false"
71-->[androidx.profileinstaller:profileinstaller:1.3.1] AndroidManifest.xml:36:13-44
72            android:enabled="true"
72-->[androidx.profileinstaller:profileinstaller:1.3.1] AndroidManifest.xml:37:13-35
73            android:exported="true"
73-->[androidx.profileinstaller:profileinstaller:1.3.1] AndroidManifest.xml:38:13-36
74            android:permission="android.permission.DUMP" >
74-->[androidx.profileinstaller:profileinstaller:1.3.1] AndroidManifest.xml:39:13-57
75            <intent-filter>
75-->[androidx.profileinstaller:profileinstaller:1.3.1] AndroidManifest.xml:40:13-42:29
76                <action android:name="androidx.profileinstaller.action.INSTALL_PROFILE" />
76-->[androidx.profileinstaller:profileinstaller:1.3.1] AndroidManifest.xml:41:17-91
76-->[androidx.profileinstaller:profileinstaller:1.3.1] AndroidManifest.xml:41:25-88
77            </intent-filter>
78            <intent-filter>
78-->[androidx.profileinstaller:profileinstaller:1.3.1] AndroidManifest.xml:43:13-45:29
79                <action android:name="androidx.profileinstaller.action.SKIP_FILE" />
79-->[androidx.profileinstaller:profileinstaller:1.3.1] AndroidManifest.xml:44:17-85
79-->[androidx.profileinstaller:profileinstaller:1.3.1] AndroidManifest.xml:44:25-82
80            </intent-filter>
81            <intent-filter>
81-->[androidx.profileinstaller:profileinstaller:1.3.1] AndroidManifest.xml:46:13-48:29
82                <action android:name="androidx.profileinstaller.action.SAVE_PROFILE" />
82-->[androidx.profileinstaller:profileinstaller:1.3.1] AndroidManifest.xml:47:17-88
82-->[androidx.profileinstaller:profileinstaller:1.3.1] AndroidManifest.xml:47:25-85
83            </intent-filter>
84            <intent-filter>
84-->[androidx.profileinstaller:profileinstaller:1.3.1] AndroidManifest.xml:49:13-51:29
85                <action android:name="androidx.profileinstaller.action.BENCHMARK_OPERATION" />
85-->[androidx.profileinstaller:profileinstaller:1.3.1] AndroidManifest.xml:50:17-95
85-->[androidx.profileinstaller:profileinstaller:1.3.1] AndroidManifest.xml:50:25-92
86            </intent-filter>
87        </receiver>
88    </application>
89
90</manifest>